已經開始建置於 2014/8/1 上午 01:49:20。
     1>節點 2 (Build 目標) 上的專案 "C:\Users\dashmoment\Desktop\731Demo\PKMdemo(SURF)\KPMdemo_TM\KPMdemo_TM.vcxproj"。
     1>InitializeBuildStatus:
         由於指定了 "AlwaysCreate"，因此正在建立 "Debug\KPMdemo_TM.unsuccessfulbuild"。
       ClCompile:
         E:\Program Files (x86)\Microsoft Visual Studio 11.0\VC\bin\CL.exe /c /I"C:\Program Files\IDS\uEye\Develop\include" /IC:\OpenCV_249\build\include /IC:\OpenCV_249\build\include\opencv /IC:\OpenCV_249\build\include\opencv2 /ZI /nologo /W3 /WX- /sdl /Od /Oy- /D WIN32 /D _DEBUG /D _CONSOLE /D _CRT_SECURE_NO_WARNINGS /D _UNICODE /D UNICODE /Gm /EHsc /RTC1 /MDd /GS /fp:precise /Zc:wchar_t /Zc:forScope /Fo"Debug\\" /Fd"Debug\vc110.pdb" /Gd /TP /analyze- /errorReport:prompt main.cpp
         main.cpp
     1>c:\program files\ids\ueye\develop\include\ueye_tools.h : warning C4819: 檔案含有無法在目前字碼頁 (950) 中表示的字元。請以 Unicode 格式儲存檔案以防止資料遺失
     1>c:\opencv_249\build\include\opencv2\flann\dist.h : warning C4819: 檔案含有無法在目前字碼頁 (950) 中表示的字元。請以 Unicode 格式儲存檔案以防止資料遺失
     1>c:\opencv_249\build\include\opencv2\legacy\compat.hpp : warning C4819: 檔案含有無法在目前字碼頁 (950) 中表示的字元。請以 Unicode 格式儲存檔案以防止資料遺失
     1>c:\users\dashmoment\desktop\731demo\pkmdemo(surf)\kpmdemo_tm\main.cpp(170): warning C4018: '<' : signed/unsigned 不相符
     1>c:\users\dashmoment\desktop\731demo\pkmdemo(surf)\kpmdemo_tm\main.cpp(203): warning C4018: '<' : signed/unsigned 不相符
     1>c:\users\dashmoment\desktop\731demo\pkmdemo(surf)\kpmdemo_tm\main.cpp(318): warning C4101: 'dstImg' : 未參考的區域變數
     1>c:\users\dashmoment\desktop\731demo\pkmdemo(surf)\kpmdemo_tm\main.cpp(353): warning C4244: '正在初始化' : 將 'double' 轉換為 'int'，由於型別不同，可能導致資料遺失
     1>c:\users\dashmoment\desktop\731demo\pkmdemo(surf)\kpmdemo_tm\main.cpp(354): warning C4244: '正在初始化' : 將 'double' 轉換為 'int'，由於型別不同，可能導致資料遺失
     1>c:\users\dashmoment\desktop\731demo\pkmdemo(surf)\kpmdemo_tm\grabimage.h(108): warning C4715: 'GrabImage::Grabimg' : 不是所有控制路徑都傳回值
       Link:
         E:\Program Files (x86)\Microsoft Visual Studio 11.0\VC\bin\link.exe /ERRORREPORT:PROMPT /OUT:"C:\Users\dashmoment\Desktop\731Demo\PKMdemo(SURF)\Debug\KPMdemo_TM.exe" /INCREMENTAL /NOLOGO /LIBPATH:"C:\Program Files\IDS\uEye\Develop\Lib" /LIBPATH:C:\OpenCV_249\build\x86\vc11\lib /LIBPATH:C:\OpenCV_249\build\x86\vc10\lib uEye_api.lib uEye_tools.lib opencv_calib3d249d.lib opencv_contrib249d.lib opencv_core249d.lib opencv_features2d249d.lib opencv_flann249d.lib opencv_gpu249d.lib opencv_highgui249d.lib opencv_imgproc249d.lib opencv_legacy249d.lib opencv_ml249d.lib opencv_nonfree249d.lib opencv_objdetect249d.lib opencv_photo249d.lib opencv_stitching249d.lib opencv_ts249d.lib opencv_video249d.lib opencv_videostab249d.lib kernel32.lib user32.lib gdi32.lib winspool.lib comdlg32.lib advapi32.lib shell32.lib ole32.lib oleaut32.lib uuid.lib odbc32.lib odbccp32.lib /MANIFEST /MANIFESTUAC:"level='asInvoker' uiAccess='false'" /manifest:embed /DEBUG /PDB:"C:\Users\dashmoment\Desktop\731Demo\PKMdemo(SURF)\Debug\KPMdemo_TM.pdb" /SUBSYSTEM:CONSOLE /TLBID:1 /DYNAMICBASE /NXCOMPAT /IMPLIB:"C:\Users\dashmoment\Desktop\731Demo\PKMdemo(SURF)\Debug\KPMdemo_TM.lib" /MACHINE:X86 Debug\main.obj
         Debug\t_kalman.obj
         Debug\t_main.obj
         KPMdemo_TM.vcxproj -> C:\Users\dashmoment\Desktop\731Demo\PKMdemo(SURF)\Debug\KPMdemo_TM.exe
       FinalizeBuildStatus:
         正在刪除檔案 "Debug\KPMdemo_TM.unsuccessfulbuild"。
         正在變更時間戳記 "Debug\KPMdemo_TM.lastbuildstate"。
     1>專案 "C:\Users\dashmoment\Desktop\731Demo\PKMdemo(SURF)\KPMdemo_TM\KPMdemo_TM.vcxproj" (Build 目標) 建置完成。

建置成功。

經過時間 00:00:02.63
