C:\USERS\DASHMOMENT\DESKTOP\731DEMO\PKMDEMO(TM)_VER01\KPMDEMO_TM\KPMDEMO_TM\DEBUG\MAIN.OBJ
C:\USERS\DASHMOMENT\DESKTOP\731DEMO\PKMDEMO(TM)_VER01\KPMDEMO_TM\KPMDEMO_TM\DEBUG\VC110.PDB
C:\USERS\DASHMOMENT\DESKTOP\731DEMO\PKMDEMO(TM)_VER01\KPMDEMO_TM\DEBUG\KPMDEMO_TM.ILK
C:\USERS\DASHMOMENT\DESKTOP\731DEMO\PKMDEMO(TM)_VER01\KPMDEMO_TM\DEBUG\KPMDEMO_TM.EXE
C:\USERS\DASHMOMENT\DESKTOP\731DEMO\PKMDEMO(TM)_VER01\KPMDEMO_TM\DEBUG\KPMDEMO_TM.PDB
C:\Users\dashmoment\Desktop\731Demo\PKMdemo(TM)_ver01\KPMdemo_TM\KPMdemo_TM\Debug\cl.command.1.tlog
C:\Users\dashmoment\Desktop\731Demo\PKMdemo(TM)_ver01\KPMdemo_TM\KPMdemo_TM\Debug\CL.read.1.tlog
C:\Users\dashmoment\Desktop\731Demo\PKMdemo(TM)_ver01\KPMdemo_TM\KPMdemo_TM\Debug\CL.write.1.tlog
C:\Users\dashmoment\Desktop\731Demo\PKMdemo(TM)_ver01\KPMdemo_TM\KPMdemo_TM\Debug\link-cvtres.read.1.tlog
C:\Users\dashmoment\Desktop\731Demo\PKMdemo(TM)_ver01\KPMdemo_TM\KPMdemo_TM\Debug\link-cvtres.write.1.tlog
C:\Users\dashmoment\Desktop\731Demo\PKMdemo(TM)_ver01\KPMdemo_TM\KPMdemo_TM\Debug\link-rc.read.1.tlog
C:\Users\dashmoment\Desktop\731Demo\PKMdemo(TM)_ver01\KPMdemo_TM\KPMdemo_TM\Debug\link-rc.write.1.tlog
C:\Users\dashmoment\Desktop\731Demo\PKMdemo(TM)_ver01\KPMdemo_TM\KPMdemo_TM\Debug\link.2424-cvtres.read.1.tlog
C:\Users\dashmoment\Desktop\731Demo\PKMdemo(TM)_ver01\KPMdemo_TM\KPMdemo_TM\Debug\link.2424-cvtres.write.1.tlog
C:\Users\dashmoment\Desktop\731Demo\PKMdemo(TM)_ver01\KPMdemo_TM\KPMdemo_TM\Debug\link.2424-rc.read.1.tlog
C:\Users\dashmoment\Desktop\731Demo\PKMdemo(TM)_ver01\KPMdemo_TM\KPMdemo_TM\Debug\link.2424-rc.write.1.tlog
C:\Users\dashmoment\Desktop\731Demo\PKMdemo(TM)_ver01\KPMdemo_TM\KPMdemo_TM\Debug\link.2424.read.1.tlog
C:\Users\dashmoment\Desktop\731Demo\PKMdemo(TM)_ver01\KPMdemo_TM\KPMdemo_TM\Debug\link.2424.write.1.tlog
C:\Users\dashmoment\Desktop\731Demo\PKMdemo(TM)_ver01\KPMdemo_TM\KPMdemo_TM\Debug\link.command.1.tlog
C:\Users\dashmoment\Desktop\731Demo\PKMdemo(TM)_ver01\KPMdemo_TM\KPMdemo_TM\Debug\link.read.1.tlog
C:\Users\dashmoment\Desktop\731Demo\PKMdemo(TM)_ver01\KPMdemo_TM\KPMdemo_TM\Debug\link.write.1.tlog
C:\Users\dashmoment\Desktop\731Demo\PKMdemo(TM)_ver01\KPMdemo_TM\KPMdemo_TM\Debug\vc110.idb
C:\Users\dashmoment\Desktop\731Demo\PKMdemo(TM)_ver01\KPMdemo_TM\KPMdemo_TM\Debug\vc110.pdb
C:\Users\dashmoment\Desktop\731Demo\PKMdemo(TM)_ver01\KPMdemo_TM\Debug\KPMdemo_TM.pdb
C:\Users\dashmoment\Desktop\731Demo\PKMdemo(TM)_ver01\KPMdemo_TM\Debug\KPMdemo_TM.exe
C:\Users\dashmoment\Desktop\731Demo\PKMdemo(TM)_ver01\KPMdemo_TM\Debug\KPMdemo_TM.ilk
